<?xml version="1.0" encoding="UTF-8"?>
<testsuite name="hussam.blueharvest.account.AccountApplicationTests" tests="1" skipped="0" failures="0" errors="0" timestamp="2023-02-18T13:27:38" hostname="DESKTOP-TOFDRGM" time="58.625">
  <properties/>
  <testcase name="testCreatingAccountWithBalance" classname="hussam.blueharvest.account.AccountApplicationTests" time="58.625"/>
  <system-out><![CDATA[15:27:04.221 [Test worker] DEBUG org.springframework.test.context.junit4.SpringJUnit4ClassRunner - SpringJUnit4ClassRunner constructor called with [class hussam.blueharvest.account.AccountApplicationTests]
15:27:04.240 [Test worker] DEBUG org.springframework.test.context.BootstrapUtils - Instantiating CacheAwareContextLoaderDelegate from class [org.springframework.test.context.cache.DefaultCacheAwareContextLoaderDelegate]
15:27:04.258 [Test worker] DEBUG org.springframework.test.context.BootstrapUtils - Instantiating BootstrapContext using constructor [public org.springframework.test.context.support.DefaultBootstrapContext(java.lang.Class,org.springframework.test.context.CacheAwareContextLoaderDelegate)]
15:27:04.341 [Test worker] DEBUG org.springframework.test.context.BootstrapUtils - Instantiating TestContextBootstrapper for test class [hussam.blueharvest.account.AccountApplicationTests] from class [org.springframework.boot.test.context.SpringBootTestContextBootstrapper]
15:27:04.423 [Test worker] DEBUG org.springframework.test.context.support.AbstractContextLoader - Did not detect default resource location for test class [hussam.blueharvest.account.AccountApplicationTests]: class path resource [hussam/blueharvest/account/AccountApplicationTests-context.xml] does not exist
15:27:04.424 [Test worker] DEBUG org.springframework.test.context.support.AbstractContextLoader - Did not detect default resource location for test class [hussam.blueharvest.account.AccountApplicationTests]: class path resource [hussam/blueharvest/account/AccountApplicationTestsContext.groovy] does not exist
15:27:04.425 [Test worker] INFO org.springframework.test.context.support.AbstractContextLoader - Could not detect default resource locations for test class [hussam.blueharvest.account.AccountApplicationTests]: no resource found for suffixes {-context.xml, Context.groovy}.
15:27:04.851 [Test worker] DEBUG org.springframework.context.annotation.ClassPathScanningCandidateComponentProvider - Identified candidate component class: file [D:\blueharvest-master\account\build\classes\java\main\hussam\blueharvest\account\AccountApplication.class]
15:27:04.853 [Test worker] INFO org.springframework.boot.test.context.SpringBootTestContextBootstrapper - Found @SpringBootConfiguration hussam.blueharvest.account.AccountApplication for test class hussam.blueharvest.account.AccountApplicationTests
15:27:05.144 [Test worker] DEBUG org.springframework.boot.test.context.SpringBootTestContextBootstrapper - @TestExecutionListeners is not present for class [hussam.blueharvest.account.AccountApplicationTests]: using defaults.
15:27:05.145 [Test worker] INFO org.springframework.boot.test.context.SpringBootTestContextBootstrapper - Loaded default TestExecutionListener class names from location [META-INF/spring.factories]: [org.springframework.cloud.contract.stubrunner.provider.wiremock.StubRunnerWireMockTestExecutionListener, org.springframework.cloud.contract.wiremock.WireMockTestExecutionListener, org.springframework.boot.test.autoconfigure.restdocs.RestDocsTestExecutionListener, org.springframework.boot.test.autoconfigure.web.client.MockRestServiceServerResetTestExecutionListener, org.springframework.boot.test.autoconfigure.web.servlet.MockMvcPrintOnlyOnFailureTestExecutionListener, org.springframework.boot.test.autoconfigure.web.servlet.WebDriverTestExecutionListener, org.springframework.boot.test.mock.mockito.MockitoTestExecutionListener, org.springframework.boot.test.mock.mockito.ResetMocksTestExecutionListener, org.springframework.test.context.web.ServletTestExecutionListener, org.springframework.test.context.support.DirtiesContextBeforeModesTestExecutionListener, org.springframework.test.context.support.DependencyInjectionTestExecutionListener, org.springframework.test.context.support.DirtiesContextTestExecutionListener, org.springframework.test.context.transaction.TransactionalTestExecutionListener, org.springframework.test.context.jdbc.SqlScriptsTestExecutionListener]
15:27:05.192 [Test worker] INFO org.springframework.boot.test.context.SpringBootTestContextBootstrapper - Using TestExecutionListeners: [org.springframework.test.context.web.ServletTestExecutionListener@62b7a02d, org.springframework.test.context.support.DirtiesContextBeforeModesTestExecutionListener@4f2d5622, org.springframework.boot.test.mock.mockito.MockitoTestExecutionListener@3d08804e, org.springframework.boot.test.autoconfigure.SpringBootDependencyInjectionTestExecutionListener@908d656, org.springframework.test.context.support.DirtiesContextTestExecutionListener@56e1b992, org.springframework.test.context.transaction.TransactionalTestExecutionListener@73d8792a, org.springframework.test.context.jdbc.SqlScriptsTestExecutionListener@aab8def, org.springframework.boot.test.autoconfigure.restdocs.RestDocsTestExecutionListener@45de508a, org.springframework.boot.test.autoconfigure.web.client.MockRestServiceServerResetTestExecutionListener@1e284c8a, org.springframework.boot.test.autoconfigure.web.servlet.MockMvcPrintOnlyOnFailureTestExecutionListener@2e89774c, org.springframework.boot.test.autoconfigure.web.servlet.WebDriverTestExecutionListener@781b5387, org.springframework.boot.test.mock.mockito.ResetMocksTestExecutionListener@4f76160e, org.springframework.cloud.contract.stubrunner.provider.wiremock.StubRunnerWireMockTestExecutionListener@13665f76, org.springframework.cloud.contract.wiremock.WireMockTestExecutionListener@76b06941]
15:27:05.199 [Test worker] DEBUG org.springframework.test.annotation.ProfileValueUtils - Retrieved @ProfileValueSourceConfiguration [null] for test class [hussam.blueharvest.account.AccountApplicationTests]
15:27:05.200 [Test worker] DEBUG org.springframework.test.annotation.ProfileValueUtils - Retrieved ProfileValueSource type [class org.springframework.test.annotation.SystemProfileValueSource] for class [hussam.blueharvest.account.AccountApplicationTests]
15:27:05.216 [Test worker] DEBUG org.springframework.test.annotation.ProfileValueUtils - Retrieved @ProfileValueSourceConfiguration [null] for test class [hussam.blueharvest.account.AccountApplicationTests]
15:27:05.217 [Test worker] DEBUG org.springframework.test.annotation.ProfileValueUtils - Retrieved ProfileValueSource type [class org.springframework.test.annotation.SystemProfileValueSource] for class [hussam.blueharvest.account.AccountApplicationTests]
15:27:05.224 [Test worker] DEBUG org.springframework.test.annotation.ProfileValueUtils - Retrieved @ProfileValueSourceConfiguration [null] for test class [hussam.blueharvest.account.AccountApplicationTests]
15:27:05.225 [Test worker] DEBUG org.springframework.test.annotation.ProfileValueUtils - Retrieved ProfileValueSource type [class org.springframework.test.annotation.SystemProfileValueSource] for class [hussam.blueharvest.account.AccountApplicationTests]
15:27:06.603 [Test worker] DEBUG wiremock.org.eclipse.jetty.util.log - Logging to Logger[wiremock.org.eclipse.jetty.util.log] via wiremock.org.eclipse.jetty.util.log.Slf4jLog
15:27:06.610 [Test worker] INFO wiremock.org.eclipse.jetty.util.log - Logging initialized @5053ms
15:27:06.623 [Test worker] DEBUG wiremock.org.eclipse.jetty.util.component.ContainerLifeCycle - wiremock.org.eclipse.jetty.server.Server@5c692cfc added {qtp966231590{STOPPED,8<=0<=10,i=0,q=0},AUTO}
15:27:06.640 [Test worker] DEBUG wiremock.org.eclipse.jetty.util.component.ContainerLifeCycle - HttpConnectionFactory@5d747fa4{HTTP/1.1} added {HttpConfiguration@ecbbfe{32768/8192,8192/8192,https://:0,[]},POJO}
15:27:06.652 [Test worker] DEBUG wiremock.org.eclipse.jetty.util.component.ContainerLifeCycle - NetworkTrafficServerConnector@f4e61f3{null}{0.0.0.0:0} added {wiremock.org.eclipse.jetty.server.Server@5c692cfc,UNMANAGED}
15:27:06.652 [Test worker] DEBUG wiremock.org.eclipse.jetty.util.component.ContainerLifeCycle - NetworkTrafficServerConnector@f4e61f3{null}{0.0.0.0:0} added {qtp966231590{STOPPED,8<=0<=10,i=0,q=0},AUTO}
15:27:06.652 [Test worker] DEBUG wiremock.org.eclipse.jetty.util.component.ContainerLifeCycle - NetworkTrafficServerConnector@f4e61f3{null}{0.0.0.0:0} added {wiremock.org.eclipse.jetty.util.thread.ScheduledExecutorScheduler@36635ffc,AUTO}
15:27:06.653 [Test worker] DEBUG wiremock.org.eclipse.jetty.util.component.ContainerLifeCycle - NetworkTrafficServerConnector@f4e61f3{null}{0.0.0.0:0} added {wiremock.org.eclipse.jetty.io.ArrayByteBufferPool@606aeb5e,POJO}
15:27:06.653 [Test worker] DEBUG wiremock.org.eclipse.jetty.util.component.ContainerLifeCycle - NetworkTrafficServerConnector@f4e61f3{null}{0.0.0.0:0} added {HttpConnectionFactory@5d747fa4{HTTP/1.1},AUTO}
15:27:06.656 [Test worker] DEBUG wiremock.org.eclipse.jetty.util.component.ContainerLifeCycle - NetworkTrafficServerConnector@f4e61f3{HTTP/1.1}{0.0.0.0:0} added {wiremock.org.eclipse.jetty.server.ServerConnector$ServerConnectorManager@b207fb4,MANAGED}
15:27:06.657 [Test worker] DEBUG wiremock.org.eclipse.jetty.util.component.ContainerLifeCycle - wiremock.org.eclipse.jetty.server.Server@5c692cfc added {NetworkTrafficServerConnector@f4e61f3{HTTP/1.1}{0.0.0.0:0},AUTO}
15:27:06.678 [Test worker] DEBUG wiremock.org.eclipse.jetty.util.component.ContainerLifeCycle - wiremock.org.eclipse.jetty.server.Server@5c692cfc added {w.o.e.j.s.ServletContextHandler@539d8854{/__admin,null,null},AUTO}
15:27:06.686 [Test worker] DEBUG wiremock.org.eclipse.jetty.util.component.ContainerLifeCycle - w.o.e.j.s.ServletContextHandler@539d8854{/__admin,null,null} added {wiremock.org.eclipse.jetty.servlet.ServletHandler@5fb6ace9,AUTO}
15:27:06.697 [Test worker] DEBUG wiremock.org.eclipse.jetty.util.component.ContainerLifeCycle - wiremock.org.eclipse.jetty.servlet.ServletHandler@5fb6ace9 added {wiremock.org.eclipse.jetty.servlet.DefaultServlet-75b57508@70f6a6d7==wiremock.org.eclipse.jetty.servlet.DefaultServlet,-1,false,AUTO}
15:27:06.698 [Test worker] DEBUG wiremock.org.eclipse.jetty.util.component.ContainerLifeCycle - wiremock.org.eclipse.jetty.servlet.ServletHandler@5fb6ace9 added {[/swagger-ui/*]=>wiremock.org.eclipse.jetty.servlet.DefaultServlet-75b57508,POJO}
15:27:06.699 [Test worker] DEBUG wiremock.org.eclipse.jetty.util.component.ContainerLifeCycle - wiremock.org.eclipse.jetty.servlet.ServletHandler@5fb6ace9 added {wiremock.org.eclipse.jetty.servlet.DefaultServlet-2b5a9bc8@6bacbefa==wiremock.org.eclipse.jetty.servlet.DefaultServlet,-1,false,AUTO}
15:27:06.699 [Test worker] DEBUG wiremock.org.eclipse.jetty.util.component.ContainerLifeCycle - wiremock.org.eclipse.jetty.servlet.ServletHandler@5fb6ace9 added {[/recorder/*]=>wiremock.org.eclipse.jetty.servlet.DefaultServlet-2b5a9bc8,POJO}
15:27:06.700 [Test worker] DEBUG wiremock.org.eclipse.jetty.util.component.ContainerLifeCycle - wiremock.org.eclipse.jetty.servlet.ServletHandler@5fb6ace9 added {com.github.tomakehurst.wiremock.servlet.WireMockHandlerDispatchingServlet-7191695a@33ec150f==com.github.tomakehurst.wiremock.servlet.WireMockHandlerDispatchingServlet,-1,false,AUTO}
15:27:06.701 [Test worker] DEBUG wiremock.org.eclipse.jetty.util.component.ContainerLifeCycle - wiremock.org.eclipse.jetty.servlet.ServletHandler@5fb6ace9 added {[/]=>com.github.tomakehurst.wiremock.servlet.WireMockHandlerDispatchingServlet-7191695a,POJO}
15:27:06.706 [Test worker] DEBUG wiremock.org.eclipse.jetty.util.component.ContainerLifeCycle - wiremock.org.eclipse.jetty.servlet.ServletHandler@5fb6ace9 added {wiremock.org.eclipse.jetty.servlets.CrossOriginFilter-5f55d6d8,AUTO}
15:27:06.710 [Test worker] DEBUG wiremock.org.eclipse.jetty.util.component.ContainerLifeCycle - wiremock.org.eclipse.jetty.servlet.ServletHandler@5fb6ace9 added {[/*]/[]==1=>wiremock.org.eclipse.jetty.servlets.CrossOriginFilter-5f55d6d8,POJO}
15:27:06.711 [Test worker] DEBUG wiremock.org.eclipse.jetty.util.component.ContainerLifeCycle - wiremock.org.eclipse.jetty.server.Server@5c692cfc added {w.o.e.j.s.ServletContextHandler@510967bd{/,null,null},AUTO}
15:27:06.712 [Test worker] DEBUG wiremock.org.eclipse.jetty.util.component.ContainerLifeCycle - w.o.e.j.s.ServletContextHandler@510967bd{/,null,null} added {wiremock.org.eclipse.jetty.servlet.ServletHandler@5737d60b,AUTO}
15:27:06.712 [Test worker] DEBUG wiremock.org.eclipse.jetty.util.component.ContainerLifeCycle - wiremock.org.eclipse.jetty.servlet.ServletHandler@5737d60b added {wiremock.org.eclipse.jetty.servlet.DefaultServlet-576c41da@c2725bc9==wiremock.org.eclipse.jetty.servlet.DefaultServlet,-1,false,AUTO}
15:27:06.713 [Test worker] DEBUG wiremock.org.eclipse.jetty.util.component.ContainerLifeCycle - wiremock.org.eclipse.jetty.servlet.ServletHandler@5737d60b added {[/__files/*]=>wiremock.org.eclipse.jetty.servlet.DefaultServlet-576c41da,POJO}
15:27:06.716 [Test worker] DEBUG wiremock.org.eclipse.jetty.util.component.ContainerLifeCycle - wiremock.org.eclipse.jetty.servlet.ServletHandler@5737d60b added {com.github.tomakehurst.wiremock.servlet.WireMockHandlerDispatchingServlet-7760dc5f@6c3a5df8==com.github.tomakehurst.wiremock.servlet.WireMockHandlerDispatchingServlet,-1,false,AUTO}
15:27:06.716 [Test worker] DEBUG wiremock.org.eclipse.jetty.util.component.ContainerLifeCycle - wiremock.org.eclipse.jetty.servlet.ServletHandler@5737d60b added {[/]=>com.github.tomakehurst.wiremock.servlet.WireMockHandlerDispatchingServlet-7760dc5f,POJO}
15:27:06.737 [Test worker] DEBUG wiremock.org.eclipse.jetty.util.component.ContainerLifeCycle - w.o.e.j.s.ServletContextHandler@510967bd{/,null,null} added {com.github.tomakehurst.wiremock.jetty9.NotFoundHandler@6f0ffe35,AUTO}
15:27:06.738 [Test worker] DEBUG wiremock.org.eclipse.jetty.util.component.ContainerLifeCycle - wiremock.org.eclipse.jetty.servlet.ServletHandler@5737d60b added {com.github.tomakehurst.wiremock.servlet.ContentTypeSettingFilter-4b7e4d5a,AUTO}
15:27:06.739 [Test worker] DEBUG wiremock.org.eclipse.jetty.util.component.ContainerLifeCycle - wiremock.org.eclipse.jetty.servlet.ServletHandler@5737d60b added {[/__files/*]/[]==2=>com.github.tomakehurst.wiremock.servlet.ContentTypeSettingFilter-4b7e4d5a,POJO}
15:27:06.740 [Test worker] DEBUG wiremock.org.eclipse.jetty.util.component.ContainerLifeCycle - wiremock.org.eclipse.jetty.servlet.ServletHandler@5737d60b added {com.github.tomakehurst.wiremock.servlet.TrailingSlashFilter-2a60f5db,AUTO}
15:27:06.740 [Test worker] DEBUG wiremock.org.eclipse.jetty.util.component.ContainerLifeCycle - wiremock.org.eclipse.jetty.servlet.ServletHandler@5737d60b added {[/__files/*]/[]==31=>com.github.tomakehurst.wiremock.servlet.TrailingSlashFilter-2a60f5db,POJO}
15:27:06.752 [Test worker] DEBUG wiremock.org.eclipse.jetty.util.component.ContainerLifeCycle - wiremock.org.eclipse.jetty.server.handler.HandlerCollection@5cafb00c[w.o.e.j.s.ServletContextHandler@539d8854{/__admin,null,null}] added {w.o.e.j.s.ServletContextHandler@539d8854{/__admin,null,null},AUTO}
15:27:06.772 [Test worker] DEBUG wiremock.org.eclipse.jetty.servlets.gzip.GzipHandler - wiremock.org.eclipse.jetty.servlets.gzip.GzipHandler@32c65ec0 mime types IncludeExclude@d5cf37e{i=[],ip=wiremock.org.eclipse.jetty.util.IncludeExcludeSet$SetContainsPredicate@15f21078,e=[image/ief, image/vnd.wap.wbmp, image/jpeg, application/bzip2, image/x-portable-graymap, image/gif, image/x-icon, audio/midi, video/x-msvideo, image/x-xbitmap, application/x-rar-compressed, image/x-portable-bitmap, image/x-rgb, image/x-cmu-raster, application/gzip, audio/x-wav, audio/basic, audio/x-pn-realaudio, application/compress, audio/x-aiff, video/x.ms.asx, video/x.ms.asf, image/png, video/vnd.rn-realvideo, image/x-xwindowdump, video/x-sgi-movie, audio/mpeg, video/mpeg, image/x-portable-pixmap, image/tiff, image/x-portable-anymap, image/x-xpixmap, application/zip, video/quicktime],ep=wiremock.org.eclipse.jetty.util.IncludeExcludeSet$SetContainsPredicate@2c90bb7d}
15:27:06.776 [Test worker] DEBUG wiremock.org.eclipse.jetty.util.component.ContainerLifeCycle - wiremock.org.eclipse.jetty.servlets.gzip.GzipHandler@32c65ec0 added {w.o.e.j.s.ServletContextHandler@510967bd{/,null,null},AUTO}
15:27:06.776 [Test worker] DEBUG wiremock.org.eclipse.jetty.util.component.ContainerLifeCycle - wiremock.org.eclipse.jetty.server.handler.HandlerCollection@5cafb00c[w.o.e.j.s.ServletContextHandler@539d8854{/__admin,null,null}, wiremock.org.eclipse.jetty.servlets.gzip.GzipHandler@32c65ec0] added {wiremock.org.eclipse.jetty.servlets.gzip.GzipHandler@32c65ec0,AUTO}
15:27:06.777 [Test worker] DEBUG wiremock.org.eclipse.jetty.util.component.ContainerLifeCycle - wiremock.org.eclipse.jetty.server.Server@5c692cfc added {wiremock.org.eclipse.jetty.server.handler.HandlerCollection@5cafb00c[w.o.e.j.s.ServletContextHandler@539d8854{/__admin,null,null}, wiremock.org.eclipse.jetty.servlets.gzip.GzipHandler@32c65ec0],AUTO}
15:27:06.796 [Test worker] DEBUG org.springframework.test.annotation.ProfileValueUtils - Retrieved @ProfileValueSourceConfiguration [null] for test class [hussam.blueharvest.account.AccountApplicationTests]
15:27:06.797 [Test worker] DEBUG org.springframework.test.annotation.ProfileValueUtils - Retrieved ProfileValueSource type [class org.springframework.test.annotation.SystemProfileValueSource] for class [hussam.blueharvest.account.AccountApplicationTests]
15:27:06.798 [Test worker] DEBUG wiremock.org.eclipse.jetty.util.component.AbstractLifeCycle - starting wiremock.org.eclipse.jetty.server.Server@5c692cfc
15:27:06.804 [Test worker] INFO wiremock.org.eclipse.jetty.server.Server - jetty-9.2.z-SNAPSHOT
15:27:06.830 [Test worker] DEBUG wiremock.org.eclipse.jetty.server.handler.AbstractHandler - starting wiremock.org.eclipse.jetty.server.Server@5c692cfc
15:27:06.831 [Test worker] DEBUG wiremock.org.eclipse.jetty.util.component.AbstractLifeCycle - starting qtp966231590{STOPPED,8<=0<=10,i=0,q=0}
15:27:06.835 [Test worker] DEBUG wiremock.org.eclipse.jetty.util.component.AbstractLifeCycle - STARTED @5278ms qtp966231590{STARTED,8<=8<=10,i=5,q=0}
15:27:06.835 [Test worker] DEBUG wiremock.org.eclipse.jetty.util.component.AbstractLifeCycle - starting wiremock.org.eclipse.jetty.server.handler.HandlerCollection@5cafb00c[w.o.e.j.s.ServletContextHandler@539d8854{/__admin,null,null}, wiremock.org.eclipse.jetty.servlets.gzip.GzipHandler@32c65ec0]
15:27:06.836 [Test worker] DEBUG wiremock.org.eclipse.jetty.server.handler.AbstractHandler - starting wiremock.org.eclipse.jetty.server.handler.HandlerCollection@5cafb00c[w.o.e.j.s.ServletContextHandler@539d8854{/__admin,null,null}, wiremock.org.eclipse.jetty.servlets.gzip.GzipHandler@32c65ec0]
15:27:06.836 [Test worker] DEBUG wiremock.org.eclipse.jetty.util.component.AbstractLifeCycle - starting w.o.e.j.s.ServletContextHandler@539d8854{/__admin,null,null}
15:27:06.838 [Test worker] DEBUG wiremock.org.eclipse.jetty.server.handler.AbstractHandler - starting w.o.e.j.s.ServletContextHandler@539d8854{/__admin,null,STARTING}
15:27:06.838 [Test worker] DEBUG wiremock.org.eclipse.jetty.util.component.AbstractLifeCycle - starting wiremock.org.eclipse.jetty.servlet.ServletHandler@5fb6ace9
15:27:06.842 [Test worker] DEBUG wiremock.org.eclipse.jetty.servlet.ServletHandler - Chose path=/recorder/* mapped to servlet=wiremock.org.eclipse.jetty.servlet.DefaultServlet-2b5a9bc8 from default=false
15:27:06.853 [Test worker] DEBUG wiremock.org.eclipse.jetty.servlet.ServletHandler - Chose path=/swagger-ui/* mapped to servlet=wiremock.org.eclipse.jetty.servlet.DefaultServlet-75b57508 from default=false
15:27:06.854 [Test worker] DEBUG wiremock.org.eclipse.jetty.servlet.ServletHandler - Chose path=/ mapped to servlet=com.github.tomakehurst.wiremock.servlet.WireMockHandlerDispatchingServlet-7191695a from default=false
15:27:06.854 [Test worker] DEBUG wiremock.org.eclipse.jetty.servlet.ServletHandler - filterNameMap={wiremock.org.eclipse.jetty.servlets.CrossOriginFilter-5f55d6d8=wiremock.org.eclipse.jetty.servlets.CrossOriginFilter-5f55d6d8}
15:27:06.854 [Test worker] DEBUG wiremock.org.eclipse.jetty.servlet.ServletHandler - pathFilters=[[/*]/[]==1=>wiremock.org.eclipse.jetty.servlets.CrossOriginFilter-5f55d6d8]
15:27:06.854 [Test worker] DEBUG wiremock.org.eclipse.jetty.servlet.ServletHandler - servletFilterMap={}
15:27:06.855 [Test worker] DEBUG wiremock.org.eclipse.jetty.servlet.ServletHandler - servletPathMap={/recorder/*=wiremock.org.eclipse.jetty.servlet.DefaultServlet-2b5a9bc8@6bacbefa==wiremock.org.eclipse.jetty.servlet.DefaultServlet,-1,false, /swagger-ui/*=wiremock.org.eclipse.jetty.servlet.DefaultServlet-75b57508@70f6a6d7==wiremock.org.eclipse.jetty.servlet.DefaultServlet,-1,false, /=com.github.tomakehurst.wiremock.servlet.WireMockHandlerDispatchingServlet-7191695a@33ec150f==com.github.tomakehurst.wiremock.servlet.WireMockHandlerDispatchingServlet,-1,false}
15:27:06.855 [Test worker] DEBUG wiremock.org.eclipse.jetty.servlet.ServletHandler - servletNameMap={wiremock.org.eclipse.jetty.servlet.DefaultServlet-75b57508=wiremock.org.eclipse.jetty.servlet.DefaultServlet-75b57508@70f6a6d7==wiremock.org.eclipse.jetty.servlet.DefaultServlet,-1,false, com.github.tomakehurst.wiremock.servlet.WireMockHandlerDispatchingServlet-7191695a=com.github.tomakehurst.wiremock.servlet.WireMockHandlerDispatchingServlet-7191695a@33ec150f==com.github.tomakehurst.wiremock.servlet.WireMockHandlerDispatchingServlet,-1,false, wiremock.org.eclipse.jetty.servlet.DefaultServlet-2b5a9bc8=wiremock.org.eclipse.jetty.servlet.DefaultServlet-2b5a9bc8@6bacbefa==wiremock.org.eclipse.jetty.servlet.DefaultServlet,-1,false}
15:27:06.856 [Test worker] DEBUG wiremock.org.eclipse.jetty.server.handler.AbstractHandler - starting wiremock.org.eclipse.jetty.servlet.ServletHandler@5fb6ace9
15:27:06.856 [Test worker] DEBUG wiremock.org.eclipse.jetty.util.component.AbstractLifeCycle - STARTED @5300ms wiremock.org.eclipse.jetty.servlet.ServletHandler@5fb6ace9
15:27:06.856 [Test worker] DEBUG wiremock.org.eclipse.jetty.util.component.AbstractLifeCycle - starting wiremock.org.eclipse.jetty.servlets.CrossOriginFilter-5f55d6d8
15:27:06.857 [Test worker] DEBUG wiremock.org.eclipse.jetty.util.component.AbstractLifeCycle - STARTED @5300ms wiremock.org.eclipse.jetty.servlets.CrossOriginFilter-5f55d6d8
15:27:06.860 [Test worker] DEBUG wiremock.org.eclipse.jetty.servlet.FilterHolder - Filter.init wiremock.org.eclipse.jetty.servlets.CrossOriginFilter@727a9309
15:27:06.863 [Test worker] DEBUG wiremock.org.eclipse.jetty.servlets.CrossOriginFilter - Cross-origin filter configuration: allowedOrigins = *, allowedMethods = OPTIONS,GET,POST,PUT,PATCH,DELETE, allowedHeaders = X-Requested-With,Content-Type,Accept,Origin,Authorization, preflightMaxAge = 1800, allowCredentials = true,exposedHeaders = ,chainPreflight = false
15:27:06.863 [Test worker] DEBUG wiremock.org.eclipse.jetty.util.component.AbstractLifeCycle - starting com.github.tomakehurst.wiremock.servlet.WireMockHandlerDispatchingServlet-7191695a@33ec150f==com.github.tomakehurst.wiremock.servlet.WireMockHandlerDispatchingServlet,-1,false
15:27:06.868 [Test worker] DEBUG wiremock.org.eclipse.jetty.util.component.AbstractLifeCycle - STARTED @5312ms com.github.tomakehurst.wiremock.servlet.WireMockHandlerDispatchingServlet-7191695a@33ec150f==com.github.tomakehurst.wiremock.servlet.WireMockHandlerDispatchingServlet,-1,false
15:27:06.868 [Test worker] DEBUG wiremock.org.eclipse.jetty.util.component.AbstractLifeCycle - starting wiremock.org.eclipse.jetty.servlet.DefaultServlet-2b5a9bc8@6bacbefa==wiremock.org.eclipse.jetty.servlet.DefaultServlet,-1,false
15:27:06.869 [Test worker] DEBUG wiremock.org.eclipse.jetty.util.component.AbstractLifeCycle - STARTED @5313ms wiremock.org.eclipse.jetty.servlet.DefaultServlet-2b5a9bc8@6bacbefa==wiremock.org.eclipse.jetty.servlet.DefaultServlet,-1,false
15:27:06.869 [Test worker] DEBUG wiremock.org.eclipse.jetty.util.component.AbstractLifeCycle - starting wiremock.org.eclipse.jetty.servlet.DefaultServlet-75b57508@70f6a6d7==wiremock.org.eclipse.jetty.servlet.DefaultServlet,-1,false
15:27:06.870 [Test worker] DEBUG wiremock.org.eclipse.jetty.util.component.AbstractLifeCycle - STARTED @5313ms wiremock.org.eclipse.jetty.servlet.DefaultServlet-75b57508@70f6a6d7==wiremock.org.eclipse.jetty.servlet.DefaultServlet,-1,false
15:27:06.870 [Test worker] INFO wiremock.org.eclipse.jetty.server.handler.ContextHandler - Started w.o.e.j.s.ServletContextHandler@539d8854{/__admin,null,AVAILABLE}
15:27:06.870 [Test worker] DEBUG wiremock.org.eclipse.jetty.util.component.AbstractLifeCycle - STARTED @5314ms w.o.e.j.s.ServletContextHandler@539d8854{/__admin,null,AVAILABLE}
15:27:06.870 [Test worker] DEBUG wiremock.org.eclipse.jetty.util.component.AbstractLifeCycle - starting wiremock.org.eclipse.jetty.servlets.gzip.GzipHandler@32c65ec0
15:27:06.870 [Test worker] DEBUG wiremock.org.eclipse.jetty.server.handler.AbstractHandler - starting wiremock.org.eclipse.jetty.servlets.gzip.GzipHandler@32c65ec0
15:27:06.871 [Test worker] DEBUG wiremock.org.eclipse.jetty.util.component.AbstractLifeCycle - starting w.o.e.j.s.ServletContextHandler@510967bd{/,null,null}
15:27:06.871 [Test worker] DEBUG wiremock.org.eclipse.jetty.server.handler.AbstractHandler - starting w.o.e.j.s.ServletContextHandler@510967bd{/,null,STARTING}
15:27:06.871 [Test worker] DEBUG wiremock.org.eclipse.jetty.util.component.AbstractLifeCycle - starting wiremock.org.eclipse.jetty.servlet.ServletHandler@5737d60b
15:27:06.871 [Test worker] DEBUG wiremock.org.eclipse.jetty.servlet.ServletHandler - Chose path=/__files/* mapped to servlet=wiremock.org.eclipse.jetty.servlet.DefaultServlet-576c41da from default=false
15:27:06.871 [Test worker] DEBUG wiremock.org.eclipse.jetty.servlet.ServletHandler - Chose path=/ mapped to servlet=com.github.tomakehurst.wiremock.servlet.WireMockHandlerDispatchingServlet-7760dc5f from default=false
15:27:06.872 [Test worker] DEBUG wiremock.org.eclipse.jetty.servlet.ServletHandler - filterNameMap={com.github.tomakehurst.wiremock.servlet.TrailingSlashFilter-2a60f5db=com.github.tomakehurst.wiremock.servlet.TrailingSlashFilter-2a60f5db, com.github.tomakehurst.wiremock.servlet.ContentTypeSettingFilter-4b7e4d5a=com.github.tomakehurst.wiremock.servlet.ContentTypeSettingFilter-4b7e4d5a}
15:27:06.872 [Test worker] DEBUG wiremock.org.eclipse.jetty.servlet.ServletHandler - pathFilters=[[/__files/*]/[]==2=>com.github.tomakehurst.wiremock.servlet.ContentTypeSettingFilter-4b7e4d5a, [/__files/*]/[]==31=>com.github.tomakehurst.wiremock.servlet.TrailingSlashFilter-2a60f5db]
15:27:06.872 [Test worker] DEBUG wiremock.org.eclipse.jetty.servlet.ServletHandler - servletFilterMap={}
15:27:06.872 [Test worker] DEBUG wiremock.org.eclipse.jetty.servlet.ServletHandler - servletPathMap={/__files/*=wiremock.org.eclipse.jetty.servlet.DefaultServlet-576c41da@c2725bc9==wiremock.org.eclipse.jetty.servlet.DefaultServlet,-1,false, /=com.github.tomakehurst.wiremock.servlet.WireMockHandlerDispatchingServlet-7760dc5f@6c3a5df8==com.github.tomakehurst.wiremock.servlet.WireMockHandlerDispatchingServlet,-1,false}
15:27:06.873 [Test worker] DEBUG wiremock.org.eclipse.jetty.servlet.ServletHandler - servletNameMap={com.github.tomakehurst.wiremock.servlet.WireMockHandlerDispatchingServlet-7760dc5f=com.github.tomakehurst.wiremock.servlet.WireMockHandlerDispatchingServlet-7760dc5f@6c3a5df8==com.github.tomakehurst.wiremock.servlet.WireMockHandlerDispatchingServlet,-1,false, wiremock.org.eclipse.jetty.servlet.DefaultServlet-576c41da=wiremock.org.eclipse.jetty.servlet.DefaultServlet-576c41da@c2725bc9==wiremock.org.eclipse.jetty.servlet.DefaultServlet,-1,false}
15:27:06.873 [Test worker] DEBUG wiremock.org.eclipse.jetty.server.handler.AbstractHandler - starting wiremock.org.eclipse.jetty.servlet.ServletHandler@5737d60b
15:27:06.873 [Test worker] DEBUG wiremock.org.eclipse.jetty.util.component.AbstractLifeCycle - STARTED @5317ms wiremock.org.eclipse.jetty.servlet.ServletHandler@5737d60b
15:27:06.873 [Test worker] DEBUG wiremock.org.eclipse.jetty.util.component.AbstractLifeCycle - starting com.github.tomakehurst.wiremock.jetty9.NotFoundHandler@6f0ffe35
15:27:06.873 [Test worker] DEBUG wiremock.org.eclipse.jetty.server.handler.AbstractHandler - starting com.github.tomakehurst.wiremock.jetty9.NotFoundHandler@6f0ffe35
15:27:06.873 [Test worker] DEBUG wiremock.org.eclipse.jetty.util.component.AbstractLifeCycle - STARTED @5317ms com.github.tomakehurst.wiremock.jetty9.NotFoundHandler@6f0ffe35
15:27:06.874 [Test worker] DEBUG wiremock.org.eclipse.jetty.util.component.AbstractLifeCycle - starting com.github.tomakehurst.wiremock.servlet.ContentTypeSettingFilter-4b7e4d5a
15:27:06.874 [Test worker] DEBUG wiremock.org.eclipse.jetty.util.component.AbstractLifeCycle - STARTED @5318ms com.github.tomakehurst.wiremock.servlet.ContentTypeSettingFilter-4b7e4d5a
15:27:06.874 [Test worker] DEBUG wiremock.org.eclipse.jetty.servlet.FilterHolder - Filter.init com.github.tomakehurst.wiremock.servlet.ContentTypeSettingFilter@400feeca
15:27:06.874 [Test worker] DEBUG wiremock.org.eclipse.jetty.util.component.AbstractLifeCycle - starting com.github.tomakehurst.wiremock.servlet.TrailingSlashFilter-2a60f5db
15:27:06.875 [Test worker] DEBUG wiremock.org.eclipse.jetty.util.component.AbstractLifeCycle - STARTED @5318ms com.github.tomakehurst.wiremock.servlet.TrailingSlashFilter-2a60f5db
15:27:06.875 [Test worker] DEBUG wiremock.org.eclipse.jetty.servlet.FilterHolder - Filter.init com.github.tomakehurst.wiremock.servlet.TrailingSlashFilter@3076a355
15:27:06.875 [Test worker] DEBUG wiremock.org.eclipse.jetty.util.component.AbstractLifeCycle - starting com.github.tomakehurst.wiremock.servlet.WireMockHandlerDispatchingServlet-7760dc5f@6c3a5df8==com.github.tomakehurst.wiremock.servlet.WireMockHandlerDispatchingServlet,-1,false
15:27:06.877 [Test worker] DEBUG wiremock.org.eclipse.jetty.util.component.AbstractLifeCycle - STARTED @5319ms com.github.tomakehurst.wiremock.servlet.WireMockHandlerDispatchingServlet-7760dc5f@6c3a5df8==com.github.tomakehurst.wiremock.servlet.WireMockHandlerDispatchingServlet,-1,false
15:27:06.877 [Test worker] DEBUG wiremock.org.eclipse.jetty.util.component.AbstractLifeCycle - starting wiremock.org.eclipse.jetty.servlet.DefaultServlet-576c41da@c2725bc9==wiremock.org.eclipse.jetty.servlet.DefaultServlet,-1,false
15:27:06.877 [Test worker] DEBUG wiremock.org.eclipse.jetty.util.component.AbstractLifeCycle - STARTED @5320ms wiremock.org.eclipse.jetty.servlet.DefaultServlet-576c41da@c2725bc9==wiremock.org.eclipse.jetty.servlet.DefaultServlet,-1,false
15:27:06.877 [Test worker] INFO wiremock.org.eclipse.jetty.server.handler.ContextHandler - Started w.o.e.j.s.ServletContextHandler@510967bd{/,null,AVAILABLE}
15:27:06.877 [Test worker] DEBUG wiremock.org.eclipse.jetty.util.component.AbstractLifeCycle - STARTED @5320ms w.o.e.j.s.ServletContextHandler@510967bd{/,null,AVAILABLE}
15:27:06.877 [Test worker] DEBUG wiremock.org.eclipse.jetty.util.component.AbstractLifeCycle - STARTED @5321ms wiremock.org.eclipse.jetty.servlets.gzip.GzipHandler@32c65ec0
15:27:06.877 [Test worker] DEBUG wiremock.org.eclipse.jetty.util.component.AbstractLifeCycle - STARTED @5321ms wiremock.org.eclipse.jetty.server.handler.HandlerCollection@5cafb00c[w.o.e.j.s.ServletContextHandler@539d8854{/__admin,null,AVAILABLE}, wiremock.org.eclipse.jetty.servlets.gzip.GzipHandler@32c65ec0]
15:27:06.878 [Test worker] DEBUG wiremock.org.eclipse.jetty.util.component.AbstractLifeCycle - starting NetworkTrafficServerConnector@f4e61f3{HTTP/1.1}{0.0.0.0:0}
15:27:06.880 [Test worker] DEBUG wiremock.org.eclipse.jetty.util.component.ContainerLifeCycle - NetworkTrafficServerConnector@f4e61f3{HTTP/1.1}{0.0.0.0:58400} added {sun.nio.ch.ServerSocketChannelImpl[/0:0:0:0:0:0:0:0:58400],POJO}
15:27:06.880 [Test worker] DEBUG wiremock.org.eclipse.jetty.util.component.AbstractLifeCycle - starting wiremock.org.eclipse.jetty.util.thread.ScheduledExecutorScheduler@36635ffc
15:27:06.884 [Test worker] DEBUG wiremock.org.eclipse.jetty.util.component.AbstractLifeCycle - STARTED @5328ms wiremock.org.eclipse.jetty.util.thread.ScheduledExecutorScheduler@36635ffc
15:27:06.886 [Test worker] DEBUG wiremock.org.eclipse.jetty.util.component.AbstractLifeCycle - starting HttpConnectionFactory@5d747fa4{HTTP/1.1}
15:27:06.887 [Test worker] DEBUG wiremock.org.eclipse.jetty.util.component.AbstractLifeCycle - STARTED @5329ms HttpConnectionFactory@5d747fa4{HTTP/1.1}
15:27:06.887 [Test worker] DEBUG wiremock.org.eclipse.jetty.util.component.AbstractLifeCycle - starting wiremock.org.eclipse.jetty.server.ServerConnector$ServerConnectorManager@b207fb4
15:27:06.895 [Test worker] DEBUG wiremock.org.eclipse.jetty.util.component.AbstractLifeCycle - starting wiremock.org.eclipse.jetty.io.SelectorManager$ManagedSelector@29562812 keys=-1 selected=-1
15:27:06.899 [Test worker] DEBUG wiremock.org.eclipse.jetty.util.component.AbstractLifeCycle - STARTED @5342ms wiremock.org.eclipse.jetty.io.SelectorManager$ManagedSelector@29562812 keys=0 selected=0
15:27:06.901 [Test worker] DEBUG wiremock.org.eclipse.jetty.util.component.AbstractLifeCycle - starting wiremock.org.eclipse.jetty.io.SelectorManager$ManagedSelector@5b3f6d6f keys=-1 selected=-1
15:27:06.902 [qtp966231590-20-selector-ServerConnectorManager@b207fb4/0] DEBUG wiremock.org.eclipse.jetty.io.SelectorManager - Starting Thread[qtp966231590-20-selector-ServerConnectorManager@b207fb4/0,5,main] on wiremock.org.eclipse.jetty.io.SelectorManager$ManagedSelector@29562812 keys=0 selected=0
15:27:06.903 [Test worker] DEBUG wiremock.org.eclipse.jetty.util.component.AbstractLifeCycle - STARTED @5347ms wiremock.org.eclipse.jetty.io.SelectorManager$ManagedSelector@5b3f6d6f keys=0 selected=0
15:27:06.905 [Test worker] DEBUG wiremock.org.eclipse.jetty.util.component.AbstractLifeCycle - STARTED @5348ms wiremock.org.eclipse.jetty.server.ServerConnector$ServerConnectorManager@b207fb4
15:27:06.905 [qtp966231590-19-selector-ServerConnectorManager@b207fb4/1] DEBUG wiremock.org.eclipse.jetty.io.SelectorManager - Starting Thread[qtp966231590-19-selector-ServerConnectorManager@b207fb4/1,5,main] on wiremock.org.eclipse.jetty.io.SelectorManager$ManagedSelector@5b3f6d6f keys=0 selected=0
15:27:06.905 [qtp966231590-20-selector-ServerConnectorManager@b207fb4/0] DEBUG wiremock.org.eclipse.jetty.io.SelectorManager - Selector loop waiting on select
15:27:06.905 [qtp966231590-19-selector-ServerConnectorManager@b207fb4/1] DEBUG wiremock.org.eclipse.jetty.io.SelectorManager - Selector loop waiting on select
15:27:06.907 [Test worker] DEBUG wiremock.org.eclipse.jetty.util.component.ContainerLifeCycle - NetworkTrafficServerConnector@f4e61f3{HTTP/1.1}{0.0.0.0:58400} added {acceptor-0@4b0582fc,POJO}
15:27:06.907 [Test worker] DEBUG wiremock.org.eclipse.jetty.util.component.ContainerLifeCycle - NetworkTrafficServerConnector@f4e61f3{HTTP/1.1}{0.0.0.0:58400} added {acceptor-1@74c0a9cb,POJO}
15:27:06.907 [Test worker] INFO wiremock.org.eclipse.jetty.server.NetworkTrafficServerConnector - Started NetworkTrafficServerConnector@f4e61f3{HTTP/1.1}{0.0.0.0:58400}
15:27:06.907 [Test worker] DEBUG wiremock.org.eclipse.jetty.util.component.AbstractLifeCycle - STARTED @5351ms NetworkTrafficServerConnector@f4e61f3{HTTP/1.1}{0.0.0.0:58400}
15:27:06.907 [Test worker] INFO wiremock.org.eclipse.jetty.server.Server - Started @5351ms
15:27:06.908 [Test worker] DEBUG wiremock.org.eclipse.jetty.util.component.AbstractLifeCycle - STARTED @5351ms wiremock.org.eclipse.jetty.server.Server@5c692cfc
15:27:06.942 [Test worker] DEBUG org.springframework.test.context.support.AbstractDirtiesContextTestExecutionListener - Before test class: context [DefaultTestContext@66b4da24 testClass = AccountApplicationTests, testInstance = [null], testMethod = [null], testException = [null], mergedContextConfiguration = [WebMergedContextConfiguration@c59ec57 testClass = AccountApplicationTests, locations = '{}', classes = '{class hussam.blueharvest.account.AccountApplication, class hussam.blueharvest.account.AccountApplicationTests$LocalRibbonClientConfiguration}', contextInitializerClasses = '[]', activeProfiles = '{test}', propertySourceLocations = '{}', propertySourceProperties = '{feign.hystrix.enabled=true, org.springframework.boot.test.context.SpringBootTestContextBootstrapper=true}', contextCustomizers = set[org.springframework.boot.test.autoconfigure.properties.PropertyMappingContextCustomizer@0, org.springframework.boot.test.autoconfigure.web.servlet.WebDriverContextCustomizerFactory$Customizer@edaef79, org.springframework.boot.test.context.filter.ExcludeFilterContextCustomizer@395f41d4, org.springframework.boot.test.json.DuplicateJsonObjectContextCustomizerFactory$DuplicateJsonObjectContextCustomizer@70dc3025, org.springframework.boot.test.mock.mockito.MockitoContextCustomizer@0, org.springframework.boot.test.web.client.TestRestTemplateContextCustomizer@3e0eeffb], resourceBasePath = 'src/main/webapp', contextLoader = 'org.springframework.boot.test.context.SpringBootContextLoader', parent = [null]], attributes = map['org.springframework.test.context.web.ServletTestExecutionListener.activateListener' -> true]], class annotated with @DirtiesContext [false] with mode [null].
15:27:06.945 [Test worker] DEBUG org.springframework.test.annotation.ProfileValueUtils - Retrieved @ProfileValueSourceConfiguration [null] for test class [hussam.blueharvest.account.AccountApplicationTests]
15:27:06.945 [Test worker] DEBUG org.springframework.test.annotation.ProfileValueUtils - Retrieved ProfileValueSource type [class org.springframework.test.annotation.SystemProfileValueSource] for class [hussam.blueharvest.account.AccountApplicationTests]
15:27:07.206 [Test worker] DEBUG org.springframework.test.context.support.TestPropertySourceUtils - Adding inlined properties to environment: {spring.jmx.enabled=false, feign.hystrix.enabled=true, org.springframework.boot.test.context.SpringBootTestContextBootstrapper=true, server.port=-1}
2023-02-18 15:27:11.452  INFO 6772 --- [    Test worker] trationDelegate$BeanPostProcessorChecker : Bean 'org.springframework.cloud.autoconfigure.ConfigurationPropertiesRebinderAutoConfiguration' of type [org.springframework.cloud.autoconfigure.ConfigurationPropertiesRebinderAutoConfiguration$$EnhancerBySpringCGLIB$$afadb7a0] is not eligible for getting processed by all BeanPostProcessors (for example: not eligible for auto-proxying)

  .   ____          _            __ _ _
 /\\ / ___'_ __ _ _(_)_ __  __ _ \ \ \ \
( ( )\___ | '_ | '_| | '_ \/ _` | \ \ \ \
 \\/  ___)| |_)| | | | | || (_| |  ) ) ) )
  '  |____| .__|_| |_|_| |_\__, | / / / /
 =========|_|==============|___/=/_/_/_/
 :: Spring Boot ::        (v2.1.2.RELEASE)

2023-02-18 15:27:14.064  INFO 6772 --- [    Test worker] h.b.account.AccountApplicationTests      : The following profiles are active: test
2023-02-18 15:27:18.127  INFO 6772 --- [    Test worker] .s.d.r.c.RepositoryConfigurationDelegate : Bootstrapping Spring Data repositories in DEFAULT mode.
2023-02-18 15:27:18.326  INFO 6772 --- [    Test worker] .s.d.r.c.RepositoryConfigurationDelegate : Finished Spring Data repository scanning in 178ms. Found 2 repository interfaces.
2023-02-18 15:27:19.243  INFO 6772 --- [    Test worker] o.s.cloud.context.scope.GenericScope     : BeanFactory id=3040e755-cb30-3da7-8311-5bd6cb3b5e99
2023-02-18 15:27:19.247  INFO 6772 --- [    Test worker] h.b.a.config.MessageSourceConfiguration  : Loading properties from property files...
2023-02-18 15:27:19.887  INFO 6772 --- [    Test worker] trationDelegate$BeanPostProcessorChecker : Bean 'org.springframework.transaction.annotation.ProxyTransactionManagementConfiguration' of type [org.springframework.transaction.annotation.ProxyTransactionManagementConfiguration$$EnhancerBySpringCGLIB$$9393b4a3] is not eligible for getting processed by all BeanPostProcessors (for example: not eligible for auto-proxying)
2023-02-18 15:27:20.509  INFO 6772 --- [    Test worker] trationDelegate$BeanPostProcessorChecker : Bean 'org.springframework.cloud.autoconfigure.ConfigurationPropertiesRebinderAutoConfiguration' of type [org.springframework.cloud.autoconfigure.ConfigurationPropertiesRebinderAutoConfiguration$$EnhancerBySpringCGLIB$$afadb7a0] is not eligible for getting processed by all BeanPostProcessors (for example: not eligible for auto-proxying)
2023-02-18 15:27:20.550  INFO 6772 --- [    Test worker] h.b.a.config.MessageSourceConfiguration  : Loading properties from folder:classpath:messages
2023-02-18 15:27:21.299  INFO 6772 --- [    Test worker] com.zaxxer.hikari.HikariDataSource       : HikariPool-1 - Starting...
2023-02-18 15:27:21.721  INFO 6772 --- [    Test worker] com.zaxxer.hikari.HikariDataSource       : HikariPool-1 - Start completed.
2023-02-18 15:27:22.005  INFO 6772 --- [    Test worker] o.hibernate.jpa.internal.util.LogHelper  : HHH000204: Processing PersistenceUnitInfo [
	name: default
	...]
2023-02-18 15:27:22.237  INFO 6772 --- [    Test worker] org.hibernate.Version                    : HHH000412: Hibernate Core {5.3.7.Final}
2023-02-18 15:27:22.243  INFO 6772 --- [    Test worker] org.hibernate.cfg.Environment            : HHH000206: hibernate.properties not found
2023-02-18 15:27:22.599  INFO 6772 --- [    Test worker] o.hibernate.annotations.common.Version   : HCANN000001: Hibernate Commons Annotations {5.0.4.Final}
2023-02-18 15:27:23.056  INFO 6772 --- [    Test worker] org.hibernate.dialect.Dialect            : HHH000400: Using dialect: org.hibernate.dialect.H2Dialect
Hibernate: drop table account if exists
Hibernate: drop table customer if exists
Hibernate: drop table transaction if exists
Hibernate: drop sequence if exists hibernate_sequence
Hibernate: create sequence hibernate_sequence start with 1 increment by 1
Hibernate: create table account (id integer not null, balance bigint not null, customer_id integer not null, initial_balance bigint not null, primary key (id))
Hibernate: create table customer (id integer not null, name varchar(255), surname varchar(255), primary key (id))
Hibernate: create table transaction (id integer not null, account_id integer not null, transaction_amount bigint not null, transaction_date timestamp, primary key (id))
2023-02-18 15:27:25.176  INFO 6772 --- [    Test worker] o.h.t.schema.internal.SchemaCreatorImpl  : HHH000476: Executing import script 'org.hibernate.tool.schema.internal.exec.ScriptSourceInputNonExistentImpl@5edd39ab'
2023-02-18 15:27:25.185  INFO 6772 --- [    Test worker] j.LocalContainerEntityManagerFactoryBean : Initialized JPA EntityManagerFactory for persistence unit 'default'
2023-02-18 15:27:28.851  WARN 6772 --- [    Test worker] aWebConfiguration$JpaWebMvcConfiguration : spring.jpa.open-in-view is enabled by default. Therefore, database queries may be performed during view rendering. Explicitly configure spring.jpa.open-in-view to disable this warning
2023-02-18 15:27:29.799  INFO 6772 --- [    Test worker] pertySourcedRequestMappingHandlerMapping : Mapped URL path [/v2/api-docs] onto method [public org.springframework.http.ResponseEntity<springfox.documentation.spring.web.json.Json> springfox.documentation.swagger2.web.Swagger2Controller.getDocumentation(java.lang.String,javax.servlet.http.HttpServletRequest)]
2023-02-18 15:27:30.625  WARN 6772 --- [    Test worker] c.n.c.sources.URLConfigurationSource     : No URLs will be polled as dynamic configuration sources.
2023-02-18 15:27:30.626  INFO 6772 --- [    Test worker] c.n.c.sources.URLConfigurationSource     : To enable URLs as dynamic configuration sources, define System property archaius.configurationSource.additionalUrls or make config.properties available on classpath.
2023-02-18 15:27:30.641  WARN 6772 --- [    Test worker] c.n.c.sources.URLConfigurationSource     : No URLs will be polled as dynamic configuration sources.
2023-02-18 15:27:30.642  INFO 6772 --- [    Test worker] c.n.c.sources.URLConfigurationSource     : To enable URLs as dynamic configuration sources, define System property archaius.configurationSource.additionalUrls or make config.properties available on classpath.
2023-02-18 15:27:31.816  INFO 6772 --- [    Test worker] o.s.s.concurrent.ThreadPoolTaskExecutor  : Initializing ExecutorService 'applicationTaskExecutor'
2023-02-18 15:27:35.700  INFO 6772 --- [    Test worker] o.s.cloud.commons.util.InetUtils         : Cannot determine local hostname
2023-02-18 15:27:37.648  INFO 6772 --- [    Test worker] o.s.cloud.commons.util.InetUtils         : Cannot determine local hostname
2023-02-18 15:27:38.027  INFO 6772 --- [    Test worker] d.s.w.p.DocumentationPluginsBootstrapper : Context refreshed
2023-02-18 15:27:38.090  INFO 6772 --- [    Test worker] d.s.w.p.DocumentationPluginsBootstrapper : Found 1 custom documentation plugin(s)
2023-02-18 15:27:38.163  INFO 6772 --- [    Test worker] s.d.s.w.s.ApiListingReferenceScanner     : Scanning for api listing references
2023-02-18 15:27:38.488  INFO 6772 --- [    Test worker] h.b.account.AccountApplicationTests      : Started AccountApplicationTests in 31.258 seconds (JVM running for 36.931)
Hibernate: call next value for hibernate_sequence
Hibernate: insert into customer (name, surname, id) values (?, ?, ?)
2023-02-18 15:27:39.356  INFO 6772 --- [qtp966231590-23] /__admin                                 : RequestHandlerClass from context returned com.github.tomakehurst.wiremock.http.AdminRequestHandler. Normalized mapped under returned 'null'
Hibernate: call next value for hibernate_sequence
Hibernate: insert into account (balance, customer_id, initial_balance, id) values (?, ?, ?, ?)
Hibernate: select account0_.id as id1_0_0_, account0_.balance as balance2_0_0_, account0_.customer_id as customer3_0_0_, account0_.initial_balance as initial_4_0_0_ from account account0_ where account0_.id=?
2023-02-18 15:27:44.875  INFO 6772 --- [ction-service-1] c.netflix.config.ChainedDynamicProperty  : Flipping property: transaction-service.ribbon.ActiveConnectionsLimit to use NEXT property: niws.loadbalancer.availabilityFilteringRule.activeConnectionsLimit = 2147483647
2023-02-18 15:27:44.923  INFO 6772 --- [ction-service-1] c.n.u.concurrent.ShutdownEnabledTimer    : Shutdown hook installed for: NFLoadBalancer-PingTimer-transaction-service
2023-02-18 15:27:44.924  INFO 6772 --- [ction-service-1] c.netflix.loadbalancer.BaseLoadBalancer  : Client: transaction-service instantiated a LoadBalancer: DynamicServerListLoadBalancer:{NFLoadBalancer:name=transaction-service,current list of Servers=[],Load balancer stats=Zone stats: {},Server stats: []}ServerList:null
2023-02-18 15:27:44.943  INFO 6772 --- [ction-service-1] c.n.l.DynamicServerListLoadBalancer      : Using serverListUpdater PollingServerListUpdater
2023-02-18 15:27:44.977  INFO 6772 --- [ction-service-1] c.netflix.config.ChainedDynamicProperty  : Flipping property: transaction-service.ribbon.ActiveConnectionsLimit to use NEXT property: niws.loadbalancer.availabilityFilteringRule.activeConnectionsLimit = 2147483647
2023-02-18 15:27:44.990  INFO 6772 --- [ction-service-1] c.n.l.DynamicServerListLoadBalancer      : DynamicServerListLoadBalancer for client transaction-service initialized: DynamicServerListLoadBalancer:{NFLoadBalancer:name=transaction-service,current list of Servers=[localhost:58400],Load balancer stats=Zone stats: {unknown=[Zone:unknown;	Instance count:1;	Active connections count: 0;	Circuit breaker tripped count: 0;	Active connections per server: 0.0;]
},Server stats: [[Server:localhost:58400;	Zone:UNKNOWN;	Total Requests:0;	Successive connection failure:0;	Total blackout seconds:0;	Last connection made:Thu Jan 01 02:00:00 EET 1970;	First connection made: Thu Jan 01 02:00:00 EET 1970;	Active Connections:0;	total failure count in last (1000) msecs:0;	average resp time:0.0;	90 percentile resp time:0.0;	95 percentile resp time:0.0;	min resp time:0.0;	max resp time:0.0;	stddev resp time:0.0]
]}ServerList:org.springframework.cloud.netflix.ribbon.StaticServerList@38973f27
2023-02-18 15:27:45.104  INFO 6772 --- [qtp966231590-24] /                                        : RequestHandlerClass from context returned com.github.tomakehurst.wiremock.http.StubRequestHandler. Normalized mapped under returned 'null'
2023-02-18 15:27:47.561  INFO 6772 --- [erListUpdater-0] c.netflix.config.ChainedDynamicProperty  : Flipping property: transaction-service.ribbon.ActiveConnectionsLimit to use NEXT property: niws.loadbalancer.availabilityFilteringRule.activeConnectionsLimit = 2147483647
Hibernate: select account0_.id as id1_0_0_, account0_.balance as balance2_0_0_, account0_.customer_id as customer3_0_0_, account0_.initial_balance as initial_4_0_0_ from account account0_ where account0_.id=?
Hibernate: update account set balance=?, customer_id=?, initial_balance=? where id=?
2023-02-18 15:28:18.122  WARN 6772 --- [l-1 housekeeper] com.zaxxer.hikari.pool.HikariPool        : HikariPool-1 - Thread starvation or clock leap detected (housekeeper delta=47s580ms980µs900ns).
Hibernate: select account0_.id as id1_0_0_, account0_.balance as balance2_0_0_, account0_.customer_id as customer3_0_0_, account0_.initial_balance as initial_4_0_0_ from account account0_ where account0_.id=?
Hibernate: select account0_.id as id1_0_0_, account0_.balance as balance2_0_0_, account0_.customer_id as customer3_0_0_, account0_.initial_balance as initial_4_0_0_ from account account0_ where account0_.id=?
2023-02-18 15:28:37.175  INFO 6772 --- [    Test worker] w.o.e.j.s.NetworkTrafficServerConnector  : Stopped NetworkTrafficServerConnector@f4e61f3{HTTP/1.1}{0.0.0.0:0}
2023-02-18 15:28:37.177  INFO 6772 --- [    Test worker] w.o.e.j.server.handler.ContextHandler    : Stopped w.o.e.j.s.ServletContextHandler@510967bd{/,null,UNAVAILABLE}
2023-02-18 15:28:37.177  INFO 6772 --- [    Test worker] w.o.e.j.server.handler.ContextHandler    : Stopped w.o.e.j.s.ServletContextHandler@539d8854{/__admin,null,UNAVAILABLE}
2023-02-18 15:28:37.179  WARN 6772 --- [    Test worker] w.o.e.j.util.thread.QueuedThreadPool     : qtp966231590{STOPPING,8<=8<=10,i=3,q=4} Couldn't stop Thread[qtp966231590-26,5,]
2023-02-18 15:28:37.179  WARN 6772 --- [    Test worker] w.o.e.j.util.thread.QueuedThreadPool     : qtp966231590{STOPPING,8<=8<=10,i=0,q=3} Couldn't stop Thread[qtp966231590-20,5,]
]]></system-out>
  <system-err><![CDATA[]]></system-err>
</testsuite>
