<?xml version="1.0" encoding="UTF-8"?>
<testsuite name="hussam.blueharvest.eurekanaming.EurekaNamingServerApplicationTests" tests="1" skipped="0" failures="0" errors="0" timestamp="2023-02-18T12:56:03" hostname="DESKTOP-TOFDRGM" time="0.293">
  <properties/>
  <testcase name="contextLoads" classname="hussam.blueharvest.eurekanaming.EurekaNamingServerApplicationTests" time="0.293"/>
  <system-out><![CDATA[14:55:48.108 [Test worker] DEBUG org.springframework.test.context.junit4.SpringJUnit4ClassRunner - SpringJUnit4ClassRunner constructor called with [class hussam.blueharvest.eurekanaming.EurekaNamingServerApplicationTests]
14:55:48.119 [Test worker] DEBUG org.springframework.test.context.BootstrapUtils - Instantiating CacheAwareContextLoaderDelegate from class [org.springframework.test.context.cache.DefaultCacheAwareContextLoaderDelegate]
14:55:48.134 [Test worker] DEBUG org.springframework.test.context.BootstrapUtils - Instantiating BootstrapContext using constructor [public org.springframework.test.context.support.DefaultBootstrapContext(java.lang.Class,org.springframework.test.context.CacheAwareContextLoaderDelegate)]
14:55:48.157 [Test worker] DEBUG org.springframework.test.context.BootstrapUtils - Instantiating TestContextBootstrapper for test class [hussam.blueharvest.eurekanaming.EurekaNamingServerApplicationTests] from class [org.springframework.boot.test.context.SpringBootTestContextBootstrapper]
14:55:48.177 [Test worker] INFO org.springframework.boot.test.context.SpringBootTestContextBootstrapper - Neither @ContextConfiguration nor @ContextHierarchy found for test class [hussam.blueharvest.eurekanaming.EurekaNamingServerApplicationTests], using SpringBootContextLoader
14:55:48.182 [Test worker] DEBUG org.springframework.test.context.support.AbstractContextLoader - Did not detect default resource location for test class [hussam.blueharvest.eurekanaming.EurekaNamingServerApplicationTests]: class path resource [hussam/blueharvest/eurekanaming/EurekaNamingServerApplicationTests-context.xml] does not exist
14:55:48.183 [Test worker] DEBUG org.springframework.test.context.support.AbstractContextLoader - Did not detect default resource location for test class [hussam.blueharvest.eurekanaming.EurekaNamingServerApplicationTests]: class path resource [hussam/blueharvest/eurekanaming/EurekaNamingServerApplicationTestsContext.groovy] does not exist
14:55:48.183 [Test worker] INFO org.springframework.test.context.support.AbstractContextLoader - Could not detect default resource locations for test class [hussam.blueharvest.eurekanaming.EurekaNamingServerApplicationTests]: no resource found for suffixes {-context.xml, Context.groovy}.
14:55:48.184 [Test worker] INFO org.springframework.test.context.support.AnnotationConfigContextLoaderUtils - Could not detect default configuration classes for test class [hussam.blueharvest.eurekanaming.EurekaNamingServerApplicationTests]: EurekaNamingServerApplicationTests does not declare any static, non-private, non-final, nested classes annotated with @Configuration.
14:55:48.262 [Test worker] DEBUG org.springframework.test.context.support.ActiveProfilesUtils - Could not find an 'annotation declaring class' for annotation type [org.springframework.test.context.ActiveProfiles] and class [hussam.blueharvest.eurekanaming.EurekaNamingServerApplicationTests]
14:55:48.361 [Test worker] DEBUG org.springframework.context.annotation.ClassPathScanningCandidateComponentProvider - Identified candidate component class: file [D:\blueharvest-master\eureka-naming\build\classes\java\main\hussam\blueharvest\eurekanaming\EurekaNamingServerApplication.class]
14:55:48.363 [Test worker] INFO org.springframework.boot.test.context.SpringBootTestContextBootstrapper - Found @SpringBootConfiguration hussam.blueharvest.eurekanaming.EurekaNamingServerApplication for test class hussam.blueharvest.eurekanaming.EurekaNamingServerApplicationTests
14:55:48.532 [Test worker] DEBUG org.springframework.boot.test.context.SpringBootTestContextBootstrapper - @TestExecutionListeners is not present for class [hussam.blueharvest.eurekanaming.EurekaNamingServerApplicationTests]: using defaults.
14:55:48.533 [Test worker] INFO org.springframework.boot.test.context.SpringBootTestContextBootstrapper - Loaded default TestExecutionListener class names from location [META-INF/spring.factories]: [org.springframework.boot.test.autoconfigure.restdocs.RestDocsTestExecutionListener, org.springframework.boot.test.autoconfigure.web.client.MockRestServiceServerResetTestExecutionListener, org.springframework.boot.test.autoconfigure.web.servlet.MockMvcPrintOnlyOnFailureTestExecutionListener, org.springframework.boot.test.autoconfigure.web.servlet.WebDriverTestExecutionListener, org.springframework.boot.test.mock.mockito.MockitoTestExecutionListener, org.springframework.boot.test.mock.mockito.ResetMocksTestExecutionListener, org.springframework.test.context.web.ServletTestExecutionListener, org.springframework.test.context.support.DirtiesContextBeforeModesTestExecutionListener, org.springframework.test.context.support.DependencyInjectionTestExecutionListener, org.springframework.test.context.support.DirtiesContextTestExecutionListener, org.springframework.test.context.transaction.TransactionalTestExecutionListener, org.springframework.test.context.jdbc.SqlScriptsTestExecutionListener]
14:55:48.550 [Test worker] DEBUG org.springframework.boot.test.context.SpringBootTestContextBootstrapper - Skipping candidate TestExecutionListener [org.springframework.test.context.transaction.TransactionalTestExecutionListener] due to a missing dependency. Specify custom listener classes or make the default listener classes and their required dependencies available. Offending class: [org/springframework/transaction/interceptor/TransactionAttributeSource]
14:55:48.551 [Test worker] DEBUG org.springframework.boot.test.context.SpringBootTestContextBootstrapper - Skipping candidate TestExecutionListener [org.springframework.test.context.jdbc.SqlScriptsTestExecutionListener] due to a missing dependency. Specify custom listener classes or make the default listener classes and their required dependencies available. Offending class: [org/springframework/transaction/interceptor/TransactionAttribute]
14:55:48.552 [Test worker] INFO org.springframework.boot.test.context.SpringBootTestContextBootstrapper - Using TestExecutionListeners: [org.springframework.test.context.web.ServletTestExecutionListener@50ca3b95, org.springframework.test.context.support.DirtiesContextBeforeModesTestExecutionListener@5eefe120, org.springframework.boot.test.mock.mockito.MockitoTestExecutionListener@bab003, org.springframework.boot.test.autoconfigure.SpringBootDependencyInjectionTestExecutionListener@20fb501f, org.springframework.test.context.support.DirtiesContextTestExecutionListener@21ecd106, org.springframework.boot.test.autoconfigure.restdocs.RestDocsTestExecutionListener@abd2fa, org.springframework.boot.test.autoconfigure.web.client.MockRestServiceServerResetTestExecutionListener@55445044, org.springframework.boot.test.autoconfigure.web.servlet.MockMvcPrintOnlyOnFailureTestExecutionListener@2fc5895b, org.springframework.boot.test.autoconfigure.web.servlet.WebDriverTestExecutionListener@68e61944, org.springframework.boot.test.mock.mockito.ResetMocksTestExecutionListener@36043aa0]
14:55:48.564 [Test worker] DEBUG org.springframework.test.annotation.ProfileValueUtils - Retrieved @ProfileValueSourceConfiguration [null] for test class [hussam.blueharvest.eurekanaming.EurekaNamingServerApplicationTests]
14:55:48.565 [Test worker] DEBUG org.springframework.test.annotation.ProfileValueUtils - Retrieved ProfileValueSource type [class org.springframework.test.annotation.SystemProfileValueSource] for class [hussam.blueharvest.eurekanaming.EurekaNamingServerApplicationTests]
14:55:48.570 [Test worker] DEBUG org.springframework.test.annotation.ProfileValueUtils - Retrieved @ProfileValueSourceConfiguration [null] for test class [hussam.blueharvest.eurekanaming.EurekaNamingServerApplicationTests]
14:55:48.570 [Test worker] DEBUG org.springframework.test.annotation.ProfileValueUtils - Retrieved ProfileValueSource type [class org.springframework.test.annotation.SystemProfileValueSource] for class [hussam.blueharvest.eurekanaming.EurekaNamingServerApplicationTests]
14:55:48.571 [Test worker] DEBUG org.springframework.test.annotation.ProfileValueUtils - Retrieved @ProfileValueSourceConfiguration [null] for test class [hussam.blueharvest.eurekanaming.EurekaNamingServerApplicationTests]
14:55:48.571 [Test worker] DEBUG org.springframework.test.annotation.ProfileValueUtils - Retrieved ProfileValueSource type [class org.springframework.test.annotation.SystemProfileValueSource] for class [hussam.blueharvest.eurekanaming.EurekaNamingServerApplicationTests]
14:55:48.577 [Test worker] DEBUG org.springframework.test.context.support.AbstractDirtiesContextTestExecutionListener - Before test class: context [DefaultTestContext@155e2337 testClass = EurekaNamingServerApplicationTests, testInstance = [null], testMethod = [null], testException = [null], mergedContextConfiguration = [WebMergedContextConfiguration@7938d144 testClass = EurekaNamingServerApplicationTests, locations = '{}', classes = '{class hussam.blueharvest.eurekanaming.EurekaNamingServerApplication}', contextInitializerClasses = '[]', activeProfiles = '{}', propertySourceLocations = '{}', propertySourceProperties = '{org.springframework.boot.test.context.SpringBootTestContextBootstrapper=true}', contextCustomizers = set[org.springframework.boot.test.autoconfigure.properties.PropertyMappingContextCustomizer@0, org.springframework.boot.test.autoconfigure.web.servlet.WebDriverContextCustomizerFactory$Customizer@36f5c3d0, org.springframework.boot.test.context.filter.ExcludeFilterContextCustomizer@1b90f2d, org.springframework.boot.test.json.DuplicateJsonObjectContextCustomizerFactory$DuplicateJsonObjectContextCustomizer@26c6016b, org.springframework.boot.test.mock.mockito.MockitoContextCustomizer@0, org.springframework.boot.test.web.client.TestRestTemplateContextCustomizer@6ec5d0f], resourceBasePath = 'src/main/webapp', contextLoader = 'org.springframework.boot.test.context.SpringBootContextLoader', parent = [null]], attributes = map['org.springframework.test.context.web.ServletTestExecutionListener.activateListener' -> true]], class annotated with @DirtiesContext [false] with mode [null].
14:55:48.577 [Test worker] DEBUG org.springframework.test.annotation.ProfileValueUtils - Retrieved @ProfileValueSourceConfiguration [null] for test class [hussam.blueharvest.eurekanaming.EurekaNamingServerApplicationTests]
14:55:48.578 [Test worker] DEBUG org.springframework.test.annotation.ProfileValueUtils - Retrieved ProfileValueSource type [class org.springframework.test.annotation.SystemProfileValueSource] for class [hussam.blueharvest.eurekanaming.EurekaNamingServerApplicationTests]
14:55:48.619 [Test worker] DEBUG org.springframework.test.context.support.TestPropertySourceUtils - Adding inlined properties to environment: {spring.jmx.enabled=false, org.springframework.boot.test.context.SpringBootTestContextBootstrapper=true, server.port=-1}
2023-02-18 14:55:51.400  INFO 12780 --- [    Test worker] trationDelegate$BeanPostProcessorChecker : Bean 'org.springframework.cloud.autoconfigure.ConfigurationPropertiesRebinderAutoConfiguration' of type [org.springframework.cloud.autoconfigure.ConfigurationPropertiesRebinderAutoConfiguration$$EnhancerBySpringCGLIB$$d2c481e0] is not eligible for getting processed by all BeanPostProcessors (for example: not eligible for auto-proxying)

  .   ____          _            __ _ _
 /\\ / ___'_ __ _ _(_)_ __  __ _ \ \ \ \
( ( )\___ | '_ | '_| | '_ \/ _` | \ \ \ \
 \\/  ___)| |_)| | | | | || (_| |  ) ) ) )
  '  |____| .__|_| |_|_| |_\__, | / / / /
 =========|_|==============|___/=/_/_/_/
 :: Spring Boot ::        (v2.1.2.RELEASE)

2023-02-18 14:55:53.423  INFO 12780 --- [    Test worker] h.b.e.EurekaNamingServerApplicationTests : No active profile set, falling back to default profiles: default
2023-02-18 14:55:54.539  WARN 12780 --- [    Test worker] o.s.boot.actuate.endpoint.EndpointId     : Endpoint ID 'service-registry' contains invalid characters, please migrate to a valid format.
2023-02-18 14:55:54.930  INFO 12780 --- [    Test worker] o.s.cloud.context.scope.GenericScope     : BeanFactory id=c92dbea9-19e9-3d9d-93f4-4c66ba0b3702
2023-02-18 14:55:55.247  INFO 12780 --- [    Test worker] trationDelegate$BeanPostProcessorChecker : Bean 'org.springframework.cloud.autoconfigure.ConfigurationPropertiesRebinderAutoConfiguration' of type [org.springframework.cloud.autoconfigure.ConfigurationPropertiesRebinderAutoConfiguration$$EnhancerBySpringCGLIB$$d2c481e0] is not eligible for getting processed by all BeanPostProcessors (for example: not eligible for auto-proxying)
2023-02-18 14:55:55.761  WARN 12780 --- [    Test worker] c.n.c.sources.URLConfigurationSource     : No URLs will be polled as dynamic configuration sources.
2023-02-18 14:55:55.762  INFO 12780 --- [    Test worker] c.n.c.sources.URLConfigurationSource     : To enable URLs as dynamic configuration sources, define System property archaius.configurationSource.additionalUrls or make config.properties available on classpath.
2023-02-18 14:55:55.776  WARN 12780 --- [    Test worker] c.n.c.sources.URLConfigurationSource     : No URLs will be polled as dynamic configuration sources.
2023-02-18 14:55:55.777  INFO 12780 --- [    Test worker] c.n.c.sources.URLConfigurationSource     : To enable URLs as dynamic configuration sources, define System property archaius.configurationSource.additionalUrls or make config.properties available on classpath.
2023-02-18 14:55:56.870  INFO 12780 --- [    Test worker] o.s.s.concurrent.ThreadPoolTaskExecutor  : Initializing ExecutorService 'applicationTaskExecutor'
2023-02-18 14:55:59.459  INFO 12780 --- [    Test worker] o.s.cloud.commons.util.InetUtils         : Cannot determine local hostname
2023-02-18 14:56:02.491  INFO 12780 --- [    Test worker] o.s.c.n.eureka.InstanceInfoFactory       : Setting initial instance status as: STARTING
2023-02-18 14:56:02.557  INFO 12780 --- [    Test worker] com.netflix.discovery.DiscoveryClient    : Initializing Eureka in region us-east-1
2023-02-18 14:56:02.560  INFO 12780 --- [    Test worker] com.netflix.discovery.DiscoveryClient    : Client configured to neither register nor query for data.
2023-02-18 14:56:02.626  INFO 12780 --- [    Test worker] com.netflix.discovery.DiscoveryClient    : Discovery Client initialized at timestamp 1676724962579 with initial instances count: 0
2023-02-18 14:56:02.812  INFO 12780 --- [    Test worker] c.n.eureka.DefaultEurekaServerContext    : Initializing ...
2023-02-18 14:56:02.818  WARN 12780 --- [    Test worker] c.n.eureka.cluster.PeerEurekaNodes       : The replica size seems to be empty. Check the route 53 DNS Registry
2023-02-18 14:56:02.860  INFO 12780 --- [    Test worker] c.n.e.registry.AbstractInstanceRegistry  : Finished initializing remote region registries. All known remote regions: []
2023-02-18 14:56:02.862  INFO 12780 --- [    Test worker] c.n.eureka.DefaultEurekaServerContext    : Initialized
2023-02-18 14:56:03.353  INFO 12780 --- [    Test worker] o.s.b.a.e.web.EndpointLinksResolver      : Exposing 2 endpoint(s) beneath base path '/actuator'
2023-02-18 14:56:03.500  INFO 12780 --- [      Thread-17] o.s.c.n.e.server.EurekaServerBootstrap   : Setting the eureka configuration..
2023-02-18 14:56:03.501  INFO 12780 --- [      Thread-17] o.s.c.n.e.server.EurekaServerBootstrap   : Eureka data center value eureka.datacenter is not set, defaulting to default
2023-02-18 14:56:03.503  INFO 12780 --- [      Thread-17] o.s.c.n.e.server.EurekaServerBootstrap   : Eureka environment value eureka.environment is not set, defaulting to test
2023-02-18 14:56:03.538  INFO 12780 --- [      Thread-17] o.s.c.n.e.server.EurekaServerBootstrap   : isAws returned false
2023-02-18 14:56:03.539  INFO 12780 --- [      Thread-17] o.s.c.n.e.server.EurekaServerBootstrap   : Initialized server context
2023-02-18 14:56:03.539  INFO 12780 --- [    Test worker] h.b.e.EurekaNamingServerApplicationTests : Started EurekaNamingServerApplicationTests in 14.901 seconds (JVM running for 17.022)
2023-02-18 14:56:03.540  INFO 12780 --- [      Thread-17] c.n.e.r.PeerAwareInstanceRegistryImpl    : Got 1 instances from neighboring DS node
2023-02-18 14:56:03.540  INFO 12780 --- [      Thread-17] c.n.e.r.PeerAwareInstanceRegistryImpl    : Renew threshold is: 1
2023-02-18 14:56:03.540  INFO 12780 --- [      Thread-17] c.n.e.r.PeerAwareInstanceRegistryImpl    : Changing status to UP
2023-02-18 14:56:03.568  INFO 12780 --- [      Thread-17] e.s.EurekaServerInitializerConfiguration : Started Eureka Server
]]></system-out>
  <system-err><![CDATA[]]></system-err>
</testsuite>
